<?xml version="1.0" encoding="UTF-8"?>
<testsuite name="test.demoqa.Registration" tests="1" skipped="0" failures="0" errors="0" timestamp="2022-04-16T23:55:55" hostname="MacBook-Pro-Anton.local" time="34.974">
  <properties/>
  <testcase name="testIssueSearch()" classname="test.demoqa.Registration" time="34.974"/>
  <system-out><![CDATA[]]></system-out>
  <system-err><![CDATA[[Test worker] INFO com.codeborne.selenide.impl.WebDriverThreadLocalContainer - No webdriver is bound to current thread: 16 - let's create a new webdriver
апр. 17, 2022 2:55:55 AM org.openqa.selenium.remote.tracing.opentelemetry.OpenTelemetryTracer createTracer
INFO: Using OpenTelemetry for tracing
апр. 17, 2022 2:56:03 AM org.openqa.selenium.remote.ProtocolHandshake createSession
INFO: Detected dialect: W3C
[Test worker] INFO com.codeborne.selenide.webdriver.BrowserResizer - Set browser size to 1620x1080
[Test worker] INFO com.codeborne.selenide.webdriver.WebDriverFactory - BrowserName=chrome Version=100.0.4896.60 Platform=LINUX
[Test worker] INFO com.codeborne.selenide.webdriver.WebDriverFactory - Selenide v. 6.3.5
[Test worker] INFO com.codeborne.selenide.webdriver.WebDriverFactory - Selenium WebDriver v. 4.1.2 build revision: 9a5a329c5a
[Test worker] INFO com.codeborne.selenide.drivercommands.CreateDriverCommand - Created webdriver in thread 16: RemoteWebDriver -> RemoteWebDriver: chrome on LINUX (89600d3003e1469120ff7c4569fef2ec)
]]></system-err>
</testsuite>
